2026/06/13 22:27:35 [DRONE drone2] Iniciando simulador autônomo...
2026/06/13 22:27:35 [DRONE drone2] ✅ Registrado com sucesso no broker http://localhost:8080
2026/06/13 22:27:35 [DRONE drone2] 🌐 Servidor HTTP iniciado na porta 9002
2026/06/13 22:29:47 [DRONE drone2] 🚀 Missão REAL recebida do broker: 31769438-0622-4dcb-bbc3-537731102a7c (Rota: Rota Norte)
2026/06/13 22:29:47 [DRONE drone2] ✈️ Executando missão REAL 31769438-0622-4dcb-bbc3-537731102a7c na rota Rota Norte...
2026/06/13 22:29:54 [DRONE drone2] 📤 Enviando laudo para missão 31769438-0622-4dcb-bbc3-537731102a7c...
2026/06/13 22:29:54 [DRONE drone2] ✅ Laudo enviado com sucesso para missão 31769438-0622-4dcb-bbc3-537731102a7c
2026/06/13 22:29:54 [DRONE drone2] 📋 Resultado: sucesso
2026/06/13 22:29:54 [DRONE drone2] ⚠️ Incidentes: [Perda de sinal por 3 segundos]
2026/06/13 22:32:23 [DRONE drone2] 🚀 Missão REAL recebida do broker: 66bd4fa7-96bc-45dc-bc31-1858c0e291cb (Rota: Rota Leste)
2026/06/13 22:32:23 [DRONE drone2] ✈️ Executando missão REAL 66bd4fa7-96bc-45dc-bc31-1858c0e291cb na rota Rota Leste...
2026/06/13 22:32:35 [DRONE drone2] 📤 Enviando laudo para missão 66bd4fa7-96bc-45dc-bc31-1858c0e291cb...
2026/06/13 22:32:35 [DRONE drone2] ✅ Laudo enviado com sucesso para missão 66bd4fa7-96bc-45dc-bc31-1858c0e291cb
2026/06/13 22:32:35 [DRONE drone2] 📋 Resultado: sucesso
2026/06/13 22:32:50 [DRONE drone2] 🚀 Missão REAL recebida do broker: baed2490-75dc-4400-8f8b-9706a38d9cbd (Rota: Rota Norte)
2026/06/13 22:32:50 [DRONE drone2] ✈️ Executando missão REAL baed2490-75dc-4400-8f8b-9706a38d9cbd na rota Rota Norte...
2026/06/13 22:33:04 [DRONE drone2] 📤 Enviando laudo para missão baed2490-75dc-4400-8f8b-9706a38d9cbd...
2026/06/13 22:33:04 [DRONE drone2] ✅ Laudo enviado com sucesso para missão baed2490-75dc-4400-8f8b-9706a38d9cbd
2026/06/13 22:33:04 [DRONE drone2] 📋 Resultado: sucesso
2026/06/13 22:33:04 [DRONE drone2] 📋 Obstáculos: [Zona de neblina densa]
2026/06/13 22:33:04 [DRONE drone2] ⚠️ Incidentes: [Perda de sinal por 3 segundos]
2026/06/13 22:34:13 [DRONE drone2] 🚀 Missão REAL recebida do broker: 8bf0b071-b7ee-4d53-b105-2671aef9e89a (Rota: Rota Leste)
2026/06/13 22:34:13 [DRONE drone2] ✈️ Executando missão REAL 8bf0b071-b7ee-4d53-b105-2671aef9e89a na rota Rota Leste...
2026/06/13 22:34:20 [DRONE drone2] 📤 Enviando laudo para missão 8bf0b071-b7ee-4d53-b105-2671aef9e89a...
2026/06/13 22:34:20 [DRONE drone2] ✅ Laudo enviado com sucesso para missão 8bf0b071-b7ee-4d53-b105-2671aef9e89a
2026/06/13 22:34:20 [DRONE drone2] 📋 Resultado: sucesso
2026/06/13 22:34:20 [DRONE drone2] 📋 Obstáculos: [Congestionamento detectado na rota]
2026/06/13 22:34:20 [DRONE drone2] ⚠️ Incidentes: [Perda de sinal por 3 segundos]
