2026/06/13 22:27:36 [DRONE drone4] Iniciando simulador autônomo...
2026/06/13 22:27:36 [DRONE drone4] ✅ Registrado com sucesso no broker http://localhost:8080
2026/06/13 22:27:36 [DRONE drone4] 🌐 Servidor HTTP iniciado na porta 9004
2026/06/13 22:29:18 [DRONE drone4] 🚀 Missão REAL recebida do broker: f4f0dbd0-3b9d-4c1c-80ac-ca023e580863 (Rota: Rota Sul)
2026/06/13 22:29:18 [DRONE drone4] ✈️ Executando missão REAL f4f0dbd0-3b9d-4c1c-80ac-ca023e580863 na rota Rota Sul...
2026/06/13 22:29:27 [DRONE drone4] 📤 Enviando laudo para missão f4f0dbd0-3b9d-4c1c-80ac-ca023e580863...
2026/06/13 22:29:27 [DRONE drone4] ✅ Laudo enviado com sucesso para missão f4f0dbd0-3b9d-4c1c-80ac-ca023e580863
2026/06/13 22:29:27 [DRONE drone4] 📋 Resultado: sucesso
2026/06/13 22:29:27 [DRONE drone4] 📋 Obstáculos: [Zona de neblina densa]
2026/06/13 22:29:27 [DRONE drone4] ⚠️ Incidentes: [Comunicação com broker instável]
2026/06/13 22:29:42 [DRONE drone4] 🚀 Missão REAL recebida do broker: 1bc9d725-9660-4df9-bb81-c001ae3b2a3f (Rota: Rota Norte)
2026/06/13 22:29:42 [DRONE drone4] ✈️ Executando missão REAL 1bc9d725-9660-4df9-bb81-c001ae3b2a3f na rota Rota Norte...
2026/06/13 22:29:51 [DRONE drone4] 📤 Enviando laudo para missão 1bc9d725-9660-4df9-bb81-c001ae3b2a3f...
2026/06/13 22:29:51 [DRONE drone4] ✅ Laudo enviado com sucesso para missão 1bc9d725-9660-4df9-bb81-c001ae3b2a3f
2026/06/13 22:29:51 [DRONE drone4] 📋 Resultado: sucesso
2026/06/13 22:29:51 [DRONE drone4] 📋 Obstáculos: [Objeto flutuante na posição 23°S]
2026/06/13 22:30:40 [DRONE drone4] 🚀 Missão REAL recebida do broker: fd945680-185d-4e70-b161-9279aa3925a0 (Rota: Rota Oeste)
2026/06/13 22:30:40 [DRONE drone4] ✈️ Executando missão REAL fd945680-185d-4e70-b161-9279aa3925a0 na rota Rota Oeste...
2026/06/13 22:30:48 [DRONE drone4] 📤 Enviando laudo para missão fd945680-185d-4e70-b161-9279aa3925a0...
2026/06/13 22:30:48 [DRONE drone4] ✅ Laudo enviado com sucesso para missão fd945680-185d-4e70-b161-9279aa3925a0
2026/06/13 22:30:48 [DRONE drone4] 📋 Resultado: sucesso
2026/06/13 22:31:03 [DRONE drone4] 🚀 Missão REAL recebida do broker: a6b8119c-1ca2-41fe-b37b-1e4d2fe71593 (Rota: Rota Central)
2026/06/13 22:31:03 [DRONE drone4] ✈️ Executando missão REAL a6b8119c-1ca2-41fe-b37b-1e4d2fe71593 na rota Rota Central...
2026/06/13 22:31:11 [DRONE drone4] 📤 Enviando laudo para missão a6b8119c-1ca2-41fe-b37b-1e4d2fe71593...
2026/06/13 22:31:11 [DRONE drone4] ✅ Laudo enviado com sucesso para missão a6b8119c-1ca2-41fe-b37b-1e4d2fe71593
2026/06/13 22:31:11 [DRONE drone4] 📋 Resultado: sucesso
2026/06/13 22:31:11 [DRONE drone4] 📋 Obstáculos: [Zona de neblina densa]
2026/06/13 22:31:11 [DRONE drone4] ⚠️ Incidentes: [Comunicação com broker instável]
2026/06/13 22:31:22 [DRONE drone4] 🚀 Missão REAL recebida do broker: 9be822dd-c3e7-4a9a-a208-38c257dc11f2 (Rota: Rota Leste)
2026/06/13 22:31:22 [DRONE drone4] ✈️ Executando missão REAL 9be822dd-c3e7-4a9a-a208-38c257dc11f2 na rota Rota Leste...
2026/06/13 22:31:36 [DRONE drone4] 📤 Enviando laudo para missão 9be822dd-c3e7-4a9a-a208-38c257dc11f2...
2026/06/13 22:31:36 [DRONE drone4] ✅ Laudo enviado com sucesso para missão 9be822dd-c3e7-4a9a-a208-38c257dc11f2
2026/06/13 22:31:36 [DRONE drone4] 📋 Resultado: sucesso
2026/06/13 22:31:36 [DRONE drone4] 📋 Obstáculos: [Objeto flutuante na posição 23°S]
2026/06/13 22:31:54 [DRONE drone4] 🚀 Missão REAL recebida do broker: 4534d356-53b2-46f2-a0e3-f3965ff6447b (Rota: Rota Norte)
2026/06/13 22:31:54 [DRONE drone4] ✈️ Executando missão REAL 4534d356-53b2-46f2-a0e3-f3965ff6447b na rota Rota Norte...
2026/06/13 22:32:00 [DRONE drone4] 📤 Enviando laudo para missão 4534d356-53b2-46f2-a0e3-f3965ff6447b...
2026/06/13 22:32:00 [DRONE drone4] ✅ Laudo enviado com sucesso para missão 4534d356-53b2-46f2-a0e3-f3965ff6447b
2026/06/13 22:32:00 [DRONE drone4] 📋 Resultado: falha
2026/06/13 22:32:00 [DRONE drone4] 📋 Obstáculos: [Congestionamento detectado na rota Objeto flutuante na posição 23°S Navio cargueiro parado na rota]
2026/06/13 22:32:00 [DRONE drone4] ⚠️ Incidentes: [Perda de sinal por 3 segundos Missão não completada devido a falha técnica]
2026/06/13 22:33:46 [DRONE drone4] 🚀 Missão REAL recebida do broker: b31ffa0e-a7c6-4c34-b88d-7f91a43bb2dd (Rota: Rota Sul)
2026/06/13 22:33:46 [DRONE drone4] ✈️ Executando missão REAL b31ffa0e-a7c6-4c34-b88d-7f91a43bb2dd na rota Rota Sul...
2026/06/13 22:33:57 [DRONE drone4] 📤 Enviando laudo para missão b31ffa0e-a7c6-4c34-b88d-7f91a43bb2dd...
2026/06/13 22:33:57 [DRONE drone4] ✅ Laudo enviado com sucesso para missão b31ffa0e-a7c6-4c34-b88d-7f91a43bb2dd
2026/06/13 22:33:57 [DRONE drone4] 📋 Resultado: sucesso
2026/06/13 22:33:57 [DRONE drone4] ⚠️ Incidentes: [Perda de sinal por 3 segundos]
2026/06/13 22:34:12 [DRONE drone4] 🚀 Missão REAL recebida do broker: 60ff4086-422d-4a91-be61-5df299388570 (Rota: Rota Leste)
2026/06/13 22:34:12 [DRONE drone4] ✈️ Executando missão REAL 60ff4086-422d-4a91-be61-5df299388570 na rota Rota Leste...
2026/06/13 22:34:22 [DRONE drone4] 📤 Enviando laudo para missão 60ff4086-422d-4a91-be61-5df299388570...
2026/06/13 22:34:22 [DRONE drone4] ✅ Laudo enviado com sucesso para missão 60ff4086-422d-4a91-be61-5df299388570
2026/06/13 22:34:22 [DRONE drone4] 📋 Resultado: sucesso
2026/06/13 22:34:22 [DRONE drone4] 📋 Obstáculos: [Congestionamento detectado na rota Objeto flutuante na posição 23°S]
