2026/06/13 22:27:37 [DRONE drone6] Iniciando simulador autônomo...
2026/06/13 22:27:37 [DRONE drone6] ✅ Registrado com sucesso no broker http://localhost:8080
2026/06/13 22:27:37 [DRONE drone6] 🌐 Servidor HTTP iniciado na porta 9006
2026/06/13 22:28:34 [DRONE drone6] 🚀 Missão REAL recebida do broker: c8496804-03c9-4177-aac2-2e7040da45eb (Rota: Rota Oeste)
2026/06/13 22:28:34 [DRONE drone6] ✈️ Executando missão REAL c8496804-03c9-4177-aac2-2e7040da45eb na rota Rota Oeste...
2026/06/13 22:28:48 [DRONE drone6] 📤 Enviando laudo para missão c8496804-03c9-4177-aac2-2e7040da45eb...
2026/06/13 22:28:48 [DRONE drone6] ✅ Laudo enviado com sucesso para missão c8496804-03c9-4177-aac2-2e7040da45eb
2026/06/13 22:28:48 [DRONE drone6] 📋 Resultado: sucesso
2026/06/13 22:28:48 [DRONE drone6] 📋 Obstáculos: [Navio cargueiro parado na rota]
2026/06/13 22:31:07 [DRONE drone6] 🚀 Missão REAL recebida do broker: 3a85bbf8-88c2-4ed2-a44f-7a0d3200d6be (Rota: Rota Sul)
2026/06/13 22:31:07 [DRONE drone6] ✈️ Executando missão REAL 3a85bbf8-88c2-4ed2-a44f-7a0d3200d6be na rota Rota Sul...
2026/06/13 22:31:20 [DRONE drone6] 📤 Enviando laudo para missão 3a85bbf8-88c2-4ed2-a44f-7a0d3200d6be...
2026/06/13 22:31:20 [DRONE drone6] ✅ Laudo enviado com sucesso para missão 3a85bbf8-88c2-4ed2-a44f-7a0d3200d6be
2026/06/13 22:31:20 [DRONE drone6] 📋 Resultado: sucesso
2026/06/13 22:31:20 [DRONE drone6] 📋 Obstáculos: [Congestionamento detectado na rota]
2026/06/13 22:31:23 [DRONE drone6] 🚀 Missão REAL recebida do broker: d576c761-40a1-4f8b-9b09-0d0f7eae8871 (Rota: Rota Norte)
2026/06/13 22:31:23 [DRONE drone6] ✈️ Executando missão REAL d576c761-40a1-4f8b-9b09-0d0f7eae8871 na rota Rota Norte...
2026/06/13 22:31:30 [DRONE drone6] 📤 Enviando laudo para missão d576c761-40a1-4f8b-9b09-0d0f7eae8871...
2026/06/13 22:31:30 [DRONE drone6] ✅ Laudo enviado com sucesso para missão d576c761-40a1-4f8b-9b09-0d0f7eae8871
2026/06/13 22:31:30 [DRONE drone6] 📋 Resultado: sucesso
2026/06/13 22:31:30 [DRONE drone6] 📋 Obstáculos: [Congestionamento detectado na rota Objeto flutuante na posição 23°S Navio cargueiro parado na rota]
2026/06/13 22:31:30 [DRONE drone6] ⚠️ Incidentes: [Bateria em nível crítico (15%)]
2026/06/13 22:33:05 [DRONE drone6] 🚀 Missão REAL recebida do broker: 1708af58-2bbb-402a-be37-161775abe4ce (Rota: Rota Sul)
2026/06/13 22:33:05 [DRONE drone6] ✈️ Executando missão REAL 1708af58-2bbb-402a-be37-161775abe4ce na rota Rota Sul...
2026/06/13 22:33:12 [DRONE drone6] 📤 Enviando laudo para missão 1708af58-2bbb-402a-be37-161775abe4ce...
2026/06/13 22:33:12 [DRONE drone6] ✅ Laudo enviado com sucesso para missão 1708af58-2bbb-402a-be37-161775abe4ce
2026/06/13 22:33:12 [DRONE drone6] 📋 Resultado: sucesso
2026/06/13 22:33:12 [DRONE drone6] 📋 Obstáculos: [Congestionamento detectado na rota]
