2026/06/13 22:27:38 [DRONE drone7] Iniciando simulador autônomo...
2026/06/13 22:27:38 [DRONE drone7] ✅ Registrado com sucesso no broker http://localhost:8080
2026/06/13 22:27:38 [DRONE drone7] 🌐 Servidor HTTP iniciado na porta 9007
2026/06/13 22:27:57 [DRONE drone7] 🚀 Missão REAL recebida do broker: 7f62beec-28e1-4f1e-82e9-e2eb30cbedd6 (Rota: Rota Norte)
2026/06/13 22:27:57 [DRONE drone7] ✈️ Executando missão REAL 7f62beec-28e1-4f1e-82e9-e2eb30cbedd6 na rota Rota Norte...
2026/06/13 22:28:10 [DRONE drone7] 📤 Enviando laudo para missão 7f62beec-28e1-4f1e-82e9-e2eb30cbedd6...
2026/06/13 22:28:10 [DRONE drone7] ✅ Laudo enviado com sucesso para missão 7f62beec-28e1-4f1e-82e9-e2eb30cbedd6
2026/06/13 22:28:10 [DRONE drone7] 📋 Resultado: sucesso
2026/06/13 22:28:10 [DRONE drone7] 📋 Obstáculos: [Navio cargueiro parado na rota]
2026/06/13 22:28:10 [DRONE drone7] ⚠️ Incidentes: [Perda de sinal por 3 segundos]
2026/06/13 22:28:35 [DRONE drone7] 🚀 Missão REAL recebida do broker: 989f8c15-29d4-4ab3-a24c-359e6495ae54 (Rota: Rota Norte)
2026/06/13 22:28:35 [DRONE drone7] ✈️ Executando missão REAL 989f8c15-29d4-4ab3-a24c-359e6495ae54 na rota Rota Norte...
2026/06/13 22:28:44 [DRONE drone7] 📤 Enviando laudo para missão 989f8c15-29d4-4ab3-a24c-359e6495ae54...
2026/06/13 22:28:44 [DRONE drone7] ✅ Laudo enviado com sucesso para missão 989f8c15-29d4-4ab3-a24c-359e6495ae54
2026/06/13 22:28:44 [DRONE drone7] 📋 Resultado: sucesso
2026/06/13 22:28:44 [DRONE drone7] ⚠️ Incidentes: [Perda de sinal por 3 segundos]
2026/06/13 22:28:54 [DRONE drone7] 🚀 Missão REAL recebida do broker: f354782c-4521-4ba5-b801-2d9f8f3b0962 (Rota: Rota Sul)
2026/06/13 22:28:54 [DRONE drone7] ✈️ Executando missão REAL f354782c-4521-4ba5-b801-2d9f8f3b0962 na rota Rota Sul...
2026/06/13 22:29:00 [DRONE drone7] 📤 Enviando laudo para missão f354782c-4521-4ba5-b801-2d9f8f3b0962...
2026/06/13 22:29:00 [DRONE drone7] ✅ Laudo enviado com sucesso para missão f354782c-4521-4ba5-b801-2d9f8f3b0962
2026/06/13 22:29:00 [DRONE drone7] 📋 Resultado: sucesso
2026/06/13 22:30:38 [DRONE drone7] 🚀 Missão REAL recebida do broker: eb42ad01-8938-476f-8cad-09dbeb93571c (Rota: Rota Central)
2026/06/13 22:30:38 [DRONE drone7] ✈️ Executando missão REAL eb42ad01-8938-476f-8cad-09dbeb93571c na rota Rota Central...
2026/06/13 22:30:54 [DRONE drone7] 📤 Enviando laudo para missão eb42ad01-8938-476f-8cad-09dbeb93571c...
2026/06/13 22:30:54 [DRONE drone7] ✅ Laudo enviado com sucesso para missão eb42ad01-8938-476f-8cad-09dbeb93571c
2026/06/13 22:30:54 [DRONE drone7] 📋 Resultado: sucesso
2026/06/13 22:30:54 [DRONE drone7] 📋 Obstáculos: [Navio cargueiro parado na rota]
2026/06/13 22:31:52 [DRONE drone7] 🚀 Missão REAL recebida do broker: bb046589-565f-422a-b123-d647f37fd290 (Rota: Rota Norte)
2026/06/13 22:31:52 [DRONE drone7] ✈️ Executando missão REAL bb046589-565f-422a-b123-d647f37fd290 na rota Rota Norte...
2026/06/13 22:32:06 [DRONE drone7] 📤 Enviando laudo para missão bb046589-565f-422a-b123-d647f37fd290...
2026/06/13 22:32:06 [DRONE drone7] ✅ Laudo enviado com sucesso para missão bb046589-565f-422a-b123-d647f37fd290
2026/06/13 22:32:06 [DRONE drone7] 📋 Resultado: sucesso
2026/06/13 22:32:18 [DRONE drone7] 🚀 Missão REAL recebida do broker: 3691d940-862f-491b-a585-7d596860c702 (Rota: Rota Leste)
2026/06/13 22:32:18 [DRONE drone7] ✈️ Executando missão REAL 3691d940-862f-491b-a585-7d596860c702 na rota Rota Leste...
2026/06/13 22:32:31 [DRONE drone7] 📤 Enviando laudo para missão 3691d940-862f-491b-a585-7d596860c702...
2026/06/13 22:32:31 [DRONE drone7] ✅ Laudo enviado com sucesso para missão 3691d940-862f-491b-a585-7d596860c702
2026/06/13 22:32:31 [DRONE drone7] 📋 Resultado: sucesso
2026/06/13 22:32:31 [DRONE drone7] ⚠️ Incidentes: [Bateria em nível crítico (15%)]
2026/06/13 22:33:45 [DRONE drone7] 🚀 Missão REAL recebida do broker: e7bf3aad-031f-4395-a8d1-36e4c49d9471 (Rota: Rota Oeste)
2026/06/13 22:33:45 [DRONE drone7] ✈️ Executando missão REAL e7bf3aad-031f-4395-a8d1-36e4c49d9471 na rota Rota Oeste...
2026/06/13 22:33:53 [DRONE drone7] 📤 Enviando laudo para missão e7bf3aad-031f-4395-a8d1-36e4c49d9471...
2026/06/13 22:33:53 [DRONE drone7] ✅ Laudo enviado com sucesso para missão e7bf3aad-031f-4395-a8d1-36e4c49d9471
2026/06/13 22:33:53 [DRONE drone7] 📋 Resultado: falha
2026/06/13 22:33:53 [DRONE drone7] 📋 Obstáculos: [Congestionamento detectado na rota]
2026/06/13 22:33:53 [DRONE drone7] ⚠️ Incidentes: [Missão não completada devido a falha técnica]
2026/06/13 22:34:35 [DRONE drone7] 🚀 Missão REAL recebida do broker: f404da36-3ff5-4bb4-afb3-31dd5f4abd46 (Rota: Rota Norte)
2026/06/13 22:34:35 [DRONE drone7] ✈️ Executando missão REAL f404da36-3ff5-4bb4-afb3-31dd5f4abd46 na rota Rota Norte...
