2026/06/13 22:27:37 [DRONE drone5] Iniciando simulador autônomo...
2026/06/13 22:27:37 [DRONE drone5] ✅ Registrado com sucesso no broker http://localhost:8080
2026/06/13 22:27:37 [DRONE drone5] 🌐 Servidor HTTP iniciado na porta 9005
2026/06/13 22:28:21 [DRONE drone5] 🚀 Missão REAL recebida do broker: 7dca37a4-2948-4a3f-9d87-da73c39dec47 (Rota: Rota Oeste)
2026/06/13 22:28:21 [DRONE drone5] ✈️ Executando missão REAL 7dca37a4-2948-4a3f-9d87-da73c39dec47 na rota Rota Oeste...
2026/06/13 22:28:34 [DRONE drone5] 📤 Enviando laudo para missão 7dca37a4-2948-4a3f-9d87-da73c39dec47...
2026/06/13 22:28:34 [DRONE drone5] ✅ Laudo enviado com sucesso para missão 7dca37a4-2948-4a3f-9d87-da73c39dec47
2026/06/13 22:28:34 [DRONE drone5] 📋 Resultado: sucesso
2026/06/13 22:28:47 [DRONE drone5] 🚀 Missão REAL recebida do broker: 7ea6dc74-cb16-4599-8bf5-f059346d8252 (Rota: Rota Central)
2026/06/13 22:28:47 [DRONE drone5] ✈️ Executando missão REAL 7ea6dc74-cb16-4599-8bf5-f059346d8252 na rota Rota Central...
2026/06/13 22:29:01 [DRONE drone5] 📤 Enviando laudo para missão 7ea6dc74-cb16-4599-8bf5-f059346d8252...
2026/06/13 22:29:01 [DRONE drone5] ✅ Laudo enviado com sucesso para missão 7ea6dc74-cb16-4599-8bf5-f059346d8252
2026/06/13 22:29:01 [DRONE drone5] 📋 Resultado: sucesso
2026/06/13 22:29:01 [DRONE drone5] 📋 Obstáculos: [Congestionamento detectado na rota]
2026/06/13 22:32:55 [DRONE drone5] 🚀 Missão REAL recebida do broker: d3522f3d-0ddb-492d-bc6a-4bd71009ce5c (Rota: Rota Norte)
2026/06/13 22:32:55 [DRONE drone5] ✈️ Executando missão REAL d3522f3d-0ddb-492d-bc6a-4bd71009ce5c na rota Rota Norte...
2026/06/13 22:33:09 [DRONE drone5] 📤 Enviando laudo para missão d3522f3d-0ddb-492d-bc6a-4bd71009ce5c...
2026/06/13 22:33:09 [DRONE drone5] ✅ Laudo enviado com sucesso para missão d3522f3d-0ddb-492d-bc6a-4bd71009ce5c
2026/06/13 22:33:09 [DRONE drone5] 📋 Resultado: sucesso
2026/06/13 22:33:09 [DRONE drone5] 📋 Obstáculos: [Congestionamento detectado na rota]
2026/06/13 22:33:09 [DRONE drone5] ⚠️ Incidentes: [Perda de sinal por 3 segundos]
2026/06/13 22:33:18 [DRONE drone5] 🚀 Missão REAL recebida do broker: 37f075e3-465f-481e-9df5-55249bbd0757 (Rota: Rota Leste)
2026/06/13 22:33:18 [DRONE drone5] ✈️ Executando missão REAL 37f075e3-465f-481e-9df5-55249bbd0757 na rota Rota Leste...
2026/06/13 22:33:30 [DRONE drone5] 📤 Enviando laudo para missão 37f075e3-465f-481e-9df5-55249bbd0757...
2026/06/13 22:33:30 [DRONE drone5] ✅ Laudo enviado com sucesso para missão 37f075e3-465f-481e-9df5-55249bbd0757
2026/06/13 22:33:30 [DRONE drone5] 📋 Resultado: sucesso
2026/06/13 22:33:56 [DRONE drone5] 🚀 Missão REAL recebida do broker: 900f80a7-ef74-4c62-aa79-b99924eec5f9 (Rota: Rota Central)
2026/06/13 22:33:56 [DRONE drone5] ✈️ Executando missão REAL 900f80a7-ef74-4c62-aa79-b99924eec5f9 na rota Rota Central...
2026/06/13 22:34:08 [DRONE drone5] 📤 Enviando laudo para missão 900f80a7-ef74-4c62-aa79-b99924eec5f9...
2026/06/13 22:34:08 [DRONE drone5] ✅ Laudo enviado com sucesso para missão 900f80a7-ef74-4c62-aa79-b99924eec5f9
2026/06/13 22:34:08 [DRONE drone5] 📋 Resultado: sucesso
2026/06/13 22:34:08 [DRONE drone5] 📋 Obstáculos: [Congestionamento detectado na rota Objeto flutuante na posição 23°S]
